<?xml version="1.0" encoding="UTF-8"?>
<!-- Generated by org.testng.reporters.JUnitXMLReporter -->
<testsuite ignored="0" hostname="Admin-PC" failures="0" tests="6" name="Default test" time="84.776" errors="0" timestamp="09 Feb 2025 16:55:07 GMT">
  <testcase classname="com.TestNG.TestNGRunner" name="testRegPage" time="6.575"/>
  <testcase classname="com.TestNG.TestNGRunner" name="testRegPage" time="6.492"/>
  <testcase classname="com.TestNG.TestNGRunner" name="testRegPage" time="11.574"/>
  <testcase classname="com.TestNG.TestNGRunner" name="testRegPage" time="6.518"/>
  <testcase classname="com.TestNG.TestNGRunner" name="testRegPage" time="6.459"/>
  <testcase classname="com.TestNG.TestNGRunner" name="testRegPage" time="6.56"/>
</testsuite> <!-- Default test -->
